<?xml version="1.0" encoding="UTF-8"?>
<!-- Generated by org.testng.reporters.JUnitReportReporter -->
<testsuite hostname="IN-PG02NMAG" failures="0" tests="6" name="StepDefinitions.AccessibilityStep" time="1.045" errors="1" timestamp="06 Mar 2023 12:50:59 GMT" skipped="5">
  <testcase classname="StepDefinitions.AccessibilityStep" name="start" time="1.045">
    <error type="java.lang.ExceptionInInitializerError">
      <![CDATA[java.lang.ExceptionInInitializerError
at Base.BaseClass.start(BaseClass.java:24)
at java.base/jdk.internal.reflect.NativeMethodAccessorImpl.invoke0(Native Method)
at java.base/jdk.internal.reflect.NativeMethodAccessorImpl.invoke(NativeMethodAccessorImpl.java:77)
at java.base/jdk.internal.reflect.DelegatingMethodAccessorImpl.invoke(DelegatingMethodAccessorImpl.java:43)
at java.base/java.lang.reflect.Method.invoke(Method.java:568)
at org.testng.internal.MethodInvocationHelper.invokeMethod(MethodInvocationHelper.java:124)
at org.testng.internal.MethodInvocationHelper.invokeMethodConsideringTimeout(MethodInvocationHelper.java:59)
at org.testng.internal.Invoker.invokeConfigurationMethod(Invoker.java:458)
at org.testng.internal.Invoker.invokeConfigurations(Invoker.java:222)
at org.testng.internal.Invoker.invokeConfigurations(Invoker.java:142)
at org.testng.SuiteRunner.privateRun(SuiteRunner.java:401)
at org.testng.SuiteRunner.run(SuiteRunner.java:364)
at org.testng.SuiteRunnerWorker.runSuite(SuiteRunnerWorker.java:52)
at org.testng.SuiteRunnerWorker.run(SuiteRunnerWorker.java:84)
at org.testng.TestNG.runSuitesSequentially(TestNG.java:1208)
at org.testng.TestNG.runSuitesLocally(TestNG.java:1137)
at org.testng.TestNG.runSuites(TestNG.java:1049)
at org.testng.TestNG.run(TestNG.java:1017)
at org.testng.remote.AbstractRemoteTestNG.run(AbstractRemoteTestNG.java:115)
at org.testng.remote.RemoteTestNG.initAndRun(RemoteTestNG.java:251)
at org.testng.remote.RemoteTestNG.main(RemoteTestNG.java:77)
Caused by: org.apache.logging.log4j.core.config.ConfigurationException: No name attribute provided for Logger appender
at org.apache.logging.log4j.core.config.properties.PropertiesConfigurationBuilder.createLogger(PropertiesConfigurationBuilder.java:264)
at org.apache.logging.log4j.core.config.properties.PropertiesConfigurationBuilder.build(PropertiesConfigurationBuilder.java:180)
at org.apache.logging.log4j.core.config.properties.PropertiesConfigurationFactory.getConfiguration(PropertiesConfigurationFactory.java:56)
at org.apache.logging.log4j.core.config.properties.PropertiesConfigurationFactory.getConfiguration(PropertiesConfigurationFactory.java:35)
at org.apache.logging.log4j.core.config.ConfigurationFactory$Factory.getConfiguration(ConfigurationFactory.java:533)
at org.apache.logging.log4j.core.config.ConfigurationFactory$Factory.getConfiguration(ConfigurationFactory.java:457)
at org.apache.logging.log4j.core.config.ConfigurationFactory.getConfiguration(ConfigurationFactory.java:318)
at org.apache.logging.log4j.core.LoggerContext.reconfigure(LoggerContext.java:690)
at org.apache.logging.log4j.core.LoggerContext.reconfigure(LoggerContext.java:711)
at org.apache.logging.log4j.core.LoggerContext.start(LoggerContext.java:253)
at org.apache.logging.log4j.core.impl.Log4jContextFactory.getContext(Log4jContextFactory.java:155)
at org.apache.logging.log4j.core.impl.Log4jContextFactory.getContext(Log4jContextFactory.java:47)
at org.apache.logging.log4j.LogManager.getContext(LogManager.java:196)
at org.apache.logging.log4j.LogManager.getLogger(LogManager.java:599)
at Base.Logger1.<clinit>(Logger1.java:6)
... 21 more
]]>
    </error>
  </testcase> <!-- start -->
  <testcase classname="StepDefinitions.AccessibilityStep" name="user_click_to_the_Accessibility" time="0.000">
    <skipped/>
  </testcase> <!-- user_click_to_the_Accessibility -->
  <testcase classname="StepDefinitions.AccessibilityStep" name="click_to_Accessibility_Node_Querying" time="0.000">
    <skipped/>
  </testcase> <!-- click_to_Accessibility_Node_Querying -->
  <testcase classname="StepDefinitions.AccessibilityStep" name="click_to_the_check_box" time="0.000">
    <skipped/>
  </testcase> <!-- click_to_the_check_box -->
  <testcase classname="StepDefinitions.AccessibilityStep" name="click_to_the_check_bok" time="0.000">
    <skipped/>
  </testcase> <!-- click_to_the_check_bok -->
  <testcase classname="StepDefinitions.AccessibilityStep" name="again_Click_to_the_check_box" time="0.000">
    <skipped/>
  </testcase> <!-- again_Click_to_the_check_box -->
</testsuite> <!-- StepDefinitions.AccessibilityStep -->
